[16:33:52] [main/INFO]: Loaded 0 recipes
[16:33:52] [Server thread/INFO]: Starting minecraft server version 1.13.2
[16:33:52] [Server thread/INFO]: Loading properties
[16:33:52] [Server console handler/ERROR]: Exception handling console input
java.io.IOException: The handle is invalid
	at java.io.FileInputStream.readBytes(Native Method) ~[?:?]
	at java.io.FileInputStream.read(FileInputStream.java:280) ~[?:?]
	at java.io.BufferedInputStream.fill(BufferedInputStream.java:252) ~[?:?]
	at java.io.BufferedInputStream.read(BufferedInputStream.java:271) ~[?:?]
	at org.bukkit.craftbukkit.libs.jline.internal.NonBlockingInputStream.read(NonBlockingInputStream.java:248) ~[craftbukkit-1.13.2.jar:git-Bukkit-a4c555b]
	at org.bukkit.craftbukkit.libs.jline.internal.InputStreamReader.read(InputStreamReader.java:261) ~[craftbukkit-1.13.2.jar:git-Bukkit-a4c555b]
	at org.bukkit.craftbukkit.libs.jline.internal.InputStreamReader.read(InputStreamReader.java:198) ~[craftbukkit-1.13.2.jar:git-Bukkit-a4c555b]
	at org.bukkit.craftbukkit.libs.jline.console.ConsoleReader.readCharacter(ConsoleReader.java:2145) ~[craftbukkit-1.13.2.jar:git-Bukkit-a4c555b]
	at org.bukkit.craftbukkit.libs.jline.console.ConsoleReader.readLineSimple(ConsoleReader.java:3183) ~[craftbukkit-1.13.2.jar:git-Bukkit-a4c555b]
	at org.bukkit.craftbukkit.libs.jline.console.ConsoleReader.readLine(ConsoleReader.java:2333) ~[craftbukkit-1.13.2.jar:git-Bukkit-a4c555b]
	at org.bukkit.craftbukkit.libs.jline.console.ConsoleReader.readLine(ConsoleReader.java:2269) ~[craftbukkit-1.13.2.jar:git-Bukkit-a4c555b]
	at org.bukkit.craftbukkit.libs.jline.console.ConsoleReader.readLine(ConsoleReader.java:2257) ~[craftbukkit-1.13.2.jar:git-Bukkit-a4c555b]
	at net.minecraft.server.v1_13_R2.DedicatedServer$2.run(DedicatedServer.java:92) [craftbukkit-1.13.2.jar:git-Bukkit-a4c555b]
[16:33:52] [Server thread/INFO]: Default game type: SURVIVAL
[16:33:52] [Server thread/INFO]: Generating keypair
[16:33:53] [Server thread/INFO]: Starting Minecraft server on *:25565
[16:33:53] [Server thread/INFO]: Using default channel type
[16:33:57] [main/INFO]: Loaded 0 recipes
[16:33:58] [Server thread/INFO]: Starting minecraft server version 1.13.2
[16:33:58] [Server thread/INFO]: Loading properties
[16:33:58] [Server thread/INFO]: Default game type: SURVIVAL
[16:33:58] [Server thread/INFO]: Generating keypair
[16:33:59] [Server thread/INFO]: Starting Minecraft server on *:25565
[16:33:59] [Server thread/INFO]: Using default channel type
[16:34:01] [Server thread/WARN]: **** FAILED TO BIND TO PORT!
[16:34:01] [Server thread/WARN]: The exceptio[16:34:03] [Server thread/INFO]: ---- Migration of old nether folder required ----
[16:34:03] [Server thread/INFO]: Unfortunately due to the way that Minecraft implemented multiworld support in 1.6, Bukkit requires that you move your nether folder to a new location in order to operate correctly.
[16:34:03] [Server thread/INFO]: We will move this folder for you, but it will mean that you need to move it back should you wish to stop using Bukkit in the future.
[16:34:03] [Server thread/INFO]: Attempting to move world\DIM-1 to world_nether\DIM-1...
[16:34:03] [Server thread/INFO]: Success! To restore nether in the future, simply move world_nether\DIM-1 to world\DIM-1
[16:34:03] [Server thread/WARN]: Unable to migrate world data.
[16:34:03] [Server thread/INFO]: ---- Migration of old nether folder complete ----
[16:34:03] [Server thread/INFO]: ---- Migration of old the_end folder required ----
[16:34:03] [Server thread/INFO]: Unfortunately due to the way that Minecraft implemented multiworld support in 1.6, Bukkit requires that you move your the_end folder to a new location in order to operate correctly.
[16:34:03] [Server thread/INFO]: We will move this folder for you, but it will mean that you need to move it back should you wish to stop using Bukkit in the future.
[16:34:03] [Server thread/INFO]: Attempting to move world\DIM1 to world_the_end\DIM1...
[16:34:03] [Server thread/INFO]: Success! To restore the_end in the future, simply move world_the_end\DIM1 to world\DIM1
[16:34:03] [Server thread/WARN]: Unable to migrate world data.
[16:34:03] [Server thread/INFO]: ---- Migration of old the_end folder complete ----
[16:34:03] [Server thread/INFO]: Preparing start region for level minecraft:overworld (Seed: -3530325350313291792)
[16:34:05] [Server thread/INFO]: Preparing spawn area: 4%
[16:34:06] [Server thread/INFO]: Preparing spawn area: 8%
[16:34:06] [Server thread/INFO]: Preparing spawn area: 12%
[16:34:06] [Server thread/INFO]: Preparing spawn area: 16%
[16:34:07] [Server thread/INFO]: Preparing spawn area: 20%
[16:34:09] [Server thread/INFO]: Preparing spawn area: 24%
[16:34:09] [Server thread/INFO]: Preparing spawn area: 28%
[16:34:10] [Server thread/INFO]: Preparing spawn area: 32%
[16:34:10] [Server thread/INFO]: Preparing spawn area: 36%
[16:34:10] [Server thread/INFO]: Preparing spawn area: 40%
[16:34:11] [Server thread/INFO]: Preparing spawn area: 44%
[16:34:11] [Server thread/INFO]: Preparing spawn area: 48%
[16:34:11] [Server thread/INFO]: Preparing spawn area: 52%
[16:34:11] [Server thread/INFO]: Preparing spawn area: 56%
[16:34:12] [Server thread/INFO]: Preparing spawn area: 60%
[16:34:12] [Server thread/INFO]: Preparing spawn area: 64%
[16:34:13] [Server thread/INFO]: Preparing spawn area: 68%
[16:34:13] [Server thread/INFO]: Preparing spawn area: 72%
[16:34:13] [Server thread/INFO]: Preparing spawn area: 76%
[16:34:14] [Server thread/INFO]: Preparing spawn area: 80%
[16:34:14] [Server thread/INFO]: Preparing spawn area: 84%
[16:34:14] [Server thread/INFO]: Preparing spawn area: 88%
[16:34:15] [Server thread/INFO]: Preparing spawn area: 92%
[16:34:15] [Server thread/INFO]: Preparing spawn area: 96%
[16:34:15] [Server thread/INFO]: Preparing spawn area: 100%
[16:34:15] [Server thread/INFO]: Preparing start region for level minecraft:the_nether (Seed: -3530325350313291792)
[16:34:17] [Server thread/INFO]: Preparing spawn area: 4%
[16:34:17] [Server thread/INFO]: Preparing spawn area: 8%
[16:34:17] [Server thread/INFO]: Preparing spawn area: 12%
[16:34:18] [Server thread/INFO]: Preparing spawn area: 16%
[16:34:18] [Server thread/INFO]: Preparing spawn area: 20%
[16:34:18] [Server thread/INFO]: Preparing spawn area: 24%
[16:34:19] [Server thread/INFO]: Preparing spawn area: 28%
[16:34:19] [Server thread/INFO]: Preparing spawn area: 32%
[16:34:19] [Server thread/INFO]: Preparing spawn area: 36%
[16:34:19] [Server thread/INFO]: Preparing spawn area: 40%
[16:34:20] [Server thread/INFO]: Preparing spawn area: 44%
[16:34:20] [Server thread/INFO]: Preparing spawn area: 48%
[16:34:20] [Server thread/INFO]: Preparing spawn area: 52%
[16:34:20] [Server thread/INFO]: Preparing spawn area: 56%
[16:34:21] [Server thread/INFO]: Preparing spawn area: 60%
[16:34:21] [Server thread/INFO]: Preparing spawn area: 64%
[16:34:21] [Server thread/INFO]: Preparing spawn area: 68%
[16:34:22] [Server thread/INFO]: Preparing spawn area: 72%
[16:34:22] [Server thread/INFO]: Preparing spawn area: 76%
[16:34:22] [Server thread/INFO]: Preparing spawn area: 80%
[16:34:22] [Server thread/INFO]: Preparing spawn area: 84%
[16:34:23] [Server thread/INFO]: Preparing spawn area: 88%
[16:34:23] [Server thread/INFO]: Preparing spawn area: 92%
[16:34:23] [Server thread/INFO]: Preparing spawn area: 96%
[16:34:24] [Server thread/INFO]: Preparing spawn area: 100%
[16:34:24] [Server thread/INFO]: Preparing start region for level minecraft:the_end (Seed: -3530325350313291792)
[16:34:24] [Server thread/INFO]: Preparing spawn area: 4%
[16:34:24] [Server thread/INFO]: Preparing spawn area: 8%
[16:34:24] [Server thread/INFO]: Preparing spawn area: 12%
[16:34:24] [Server thread/INFO]: Preparing spawn area: 16%
[16:34:24] [Server thread/INFO]: Preparing spawn area: 20%
[16:34:24] [Server thread/INFO]: Preparing spawn area: 24%
[16:34:24] [Server thread/INFO]: Preparing spawn area: 28%
[16:34:24] [Server thread/INFO]: Preparing spawn area: 32%
[16:34:24] [Server thread/INFO]: Preparing spawn area: 36%
[16:34:25] [Server thread/INFO]: Preparing spawn area: 40%
[16:34:25] [Server thread/INFO]: Preparing spawn area: 44%
[16:34:25] [Server thread/INFO]: Preparing spawn area: 48%
[16:34:25] [Server thread/INFO]: Preparing spawn area: 52%
[16:34:25] [Server thread/INFO]: Preparing spawn area: 56%
[16:34:25] [Server thread/INFO]: Preparing spawn area: 60%
[16:34:25] [Server thread/INFO]: Preparing spawn area: 64%
[16:34:25] [Server thread/INFO]: Preparing spawn area: 68%
[16:34:25] [Server thread/INFO]: Preparing spawn area: 72%
[16:34:25] [Server thread/INFO]: Preparing spawn area: 76%
[16:34:25] [Server thread/INFO]: Preparing spawn area: 80%
[16:34:25] [Server thread/INFO]: Preparing spawn area: 84%
[16:34:25] [Server thread/INFO]: Preparing spawn area: 88%
[16:34:25] [Server thread/INFO]: Preparing spawn area: 92%
[16:34:25] [Server thread/INFO]: Preparing spawn area: 96%
[16:34:25] [Server thread/INFO]: Preparing spawn area: 100%
[16:34:25] [Server thread/INFO]: Time elapsed: 22400 ms
[16:34:25] [Server thread/INFO]: Done (31.098s)! For help, type "help"
