[16:07:38] [main/INFO]: Loaded 0 recipes
[16:07:38] [Server thread/INFO]: Starting minecraft server version 1.13.2
[16:07:38] [Server thread/INFO]: Loading properties
[16:07:38] [Server thread/INFO]: Default game type: SURVIVAL
[16:07:38] [Server thread/INFO]: Generating keypair
[16:07:38] [Server thread/INFO]: Starting Minecraft server on *:25565
[16:07:38] [Server thread/INFO]: Using default channel type
[16:07:39] [Server thread/INFO]: This server is running CraftBukkit version git-Bukkit-a4c555b (MC: 1.13.2) (Implementing API version 1.13.2-R0.1-SNAPSHOT)
[16:07:42] [Server thread/INFO]: [PermissionsEx] Loading PermissionsEx v1.23.4
[16:07:42] [Server thread/WARN]: [PermissionsEx] This server is in offline mode. Unless this server is configured to integrate with a supported proxy (see http://dft.ba/-8ous), UUIDs *may not be stable*!
[16:07:42] [Server thread/INFO]: [dynmap] Loading dynmap v3.0-beta-3-160
[16:07:42] [Server thread/INFO]: [dynmap] version=git-Bukkit-a4c555b (MC: 1.13.2)
[16:07:42] [Server thread/INFO]: [dynmap] Mod Support API available
[16:07:42] [Server thread/INFO]: [HealthBar] Loading HealthBar v1.8.3
[16:07:42] [Server thread/INFO]: [LoginSecurity] Loading LoginSecurity v2.1.7
[16:07:42] [Server thread/INFO]: [PingTab] Loading PingTab v1.3.5
[16:07:42] [Server thread/WARN]: **** SERVER IS RUNNING IN OFFLINE/INSECURE MODE!
[16:07:42] [Server thread/WARN]: The server will make no attempt to authenticate usernames. Beware.
[16:07:42] [Server thread/WARN]: While this makes the game possible to play without internet access, it also opens up the ability for hackers to connect with any username they choose.
[16:07:42] [Server thread/WARN]: To change this, set "online-mode" to "true" in the server.properties file.
[16:07:42] [Server thread/INFO]: Preparing level "world"
[16:07:42] [Server thread/INFO]: Reloading ResourceManager: Default, bukkit
[16:07:43] [Server thread/INFO]: Loaded 524 recipes
[16:07:45] [Server thread/INFO]: Preparing start region for level minecraft:the_nether (Seed: 3595849976629534352)
[16:07:45] [Server thread/INFO]: Preparing spawn area: 4%
[16:07:45] [Server thread/INFO]: Preparing spawn area: 8%
[16:07:45] [Server thread/INFO]: Preparing spawn area: 12%
[16:07:45] [Server thread/INFO]: Preparing spawn area: 16%
[16:07:45] [Server thread/INFO]: Preparing spawn area: 20%
[16:07:45] [Server thread/INFO]: Preparing spawn area: 24%
[16:07:45] [Server thread/INFO]: Preparing spawn area: 28%
[16:07:45] [Server thread/INFO]: Preparing spawn area: 32%
[16:07:45] [Server thread/INFO]: Preparing spawn area: 36%
[16:07:45] [Server thread/INFO]: Preparing spawn area: 40%
[16:07:45] [Server thread/INFO]: Preparing spawn area: 44%
[16:07:45] [Server thread/INFO]: Preparing spawn area: 48%
[16:07:45] [Server thread/INFO]: Preparing spawn area: 52%
[16:07:46] [Server thread/INFO]: Preparing spawn area: 56%
[16:07:46] [Server thread/INFO]: Preparing spawn area: 60%
[16:07:46] [Server thread/INFO]: Preparing spawn area: 64%
[16:07:46] [Server thread/INFO]: Preparing spawn area: 68%
[16:07:46] [Server thread/INFO]: Preparing spawn area: 72%
[16:07:46] [Server thread/INFO]: Preparing spawn area: 76%
[16:07:46] [Server thread/INFO]: Preparing spawn area: 80%
[16:07:46] [Server thread/INFO]: Preparing spawn area: 84%
[16:07:46] [Server thread/INFO]: Preparing spawn area: 88%
[16:07:46] [Server thread/INFO]: Preparing spawn area: 92%
[16:07:46] [Server thread/INFO]: Preparing spawn area: 96%
[16:07:46] [Server thread/INFO]: Preparing spawn area: 100%
[16:07:46] [Server thread/INFO]: Preparing start region for level minecraft:the_end (Seed: 3595849976629534352)
[16:07:46] [Server thread/INFO]: Preparing spawn area: 4%
[16:07:46] [Server thread/INFO]: Preparing spawn area: 8%
[16:07:46] [Server thread/INFO]: Preparing spawn area: 12%
[16:07:46] [Server thread/INFO]: Preparing spawn area: 16%
[16:07:46] [Server thread/INFO]: Preparing spawn area: 20%
[16:07:46] [Server thread/INFO]: Preparing spawn area: 24%
[16:07:46] [Server thread/INFO]: Preparing spawn area: 28%
[16:07:46] [Server thread/INFO]: Preparing spawn area: 32%
[16:07:46] [Server thread/INFO]: Preparing spawn area: 36%
[16:07:46] [Server thread/INFO]: Preparing spawn area: 40%
[16:07:46] [Server thread/INFO]: Preparing spawn area: 44%
[16:07:46] [Server thread/INFO]: Preparing spawn area: 48%
[16:07:46] [Server thread/INFO]: Preparing spawn area: 52%
[16:07:46] [Server thread/INFO]: Preparing spawn area: 56%
[16:07:46] [Server thread/INFO]: Preparing spawn area: 60%
[16:07:46] [Server thread/INFO]: Preparing spawn area: 64%
[16:07:46] [Server thread/INFO]: Preparing spawn area: 68%
[16:07:46] [Server thread/INFO]: Preparing spawn area: 72%
[16:07:46] [Server thread/INFO]: Preparing spawn area: 76%
[16:07:46] [Server thread/INFO]: Preparing spawn area: 80%
[16:07:46] [Server thread/INFO]: Preparing spawn area: 84%
[16:07:47] [Server thread/INFO]: Preparing spawn area: 88%
[16:07:47] [Server thread/INFO]: Preparing spawn area: 92%
[16:07:47] [Server thread/INFO]: Preparing spawn area: 96%
[16:07:47] [Server thread/INFO]: Preparing spawn area: 100%
[16:07:47] [Server thread/INFO]: Preparing start region for level minecraft:overworld (Seed: 3595849976629534352)
[16:07:47] [Server thread/INFO]: Preparing spawn area: 4%
[16:07:48] [Server thread/INFO]: Preparing spawn area: 8%
[16:07:48] [Server thread/INFO]: Preparing spawn area: 12%
[16:07:48] [Server thread/INFO]: Preparing spawn area: 16%
[16:07:48] [Server thread/INFO]: Preparing spawn area: 20%
[16:07:48] [Server thread/INFO]: Preparing spawn area: 24%
[16:07:48] [Server thread/INFO]: Preparing spawn area: 28%
[16:07:48] [Server thread/INFO]: Preparing spawn area: 32%
[16:07:49] [Server thread/INFO]: Preparing spawn area: 36%
[16:07:49] [Server thread/INFO]: Preparing spawn area: 40%
[16:07:49] [Server thread/INFO]: Preparing spawn area: 44%
[16:07:49] [Server thread/INFO]: Preparing spawn area: 48%
[16:07:49] [Server thread/INFO]: Preparing spawn area: 52%
[16:07:49] [Server thread/INFO]: Preparing spawn area: 56%
[16:07:49] [Server thread/INFO]: Preparing spawn area: 60%
[16:07:49] [Server thread/INFO]: Preparing spawn area: 64%
[16:07:49] [Server thread/INFO]: Preparing spawn area: 68%
[16:07:49] [Server thread/INFO]: Preparing spawn area: 72%
[16:07:49] [Server thread/INFO]: Preparing spawn area: 76%
[16:07:49] [Server thread/INFO]: Preparing spawn area: 80%
[16:07:49] [Server thread/INFO]: Preparing spawn area: 84%
[16:07:49] [Server thread/INFO]: Preparing spawn area: 88%
[16:07:49] [Server thread/INFO]: Preparing spawn area: 92%
[16:07:49] [Server thread/INFO]: Preparing spawn area: 96%
[16:07:49] [Server thread/INFO]: Preparing spawn area: 100%
[16:07:49] [Server thread/INFO]: Time elapsed: 4401 ms
[16:07:49] [Server thread/INFO]: [PermissionsEx] Enabling PermissionsEx v1.23.4
[16:07:49] [Server thread/INFO]: [PermissionsEx] Initializing file backend
[16:07:49] [Server thread/INFO]: [PermissionsEx] Permissions file successfully reloaded
[16:07:49] [Server thread/INFO]: [dynmap] Enabling dynmap v3.0-beta-3-160
[16:07:49] [Server thread/INFO]: [dynmap] Added 11 custom biome mappings
[16:07:49] [Server thread/INFO]: [dynmap] Using PermissionsEx 1.23.4 for access control
[16:07:50] [Thread-6/ERROR]: [PermissionsEx] dev.bukkit.org rejected the API key provided in plugins/Updater/config.yml
[16:07:50] [Thread-6/ERROR]: [PermissionsEx] Please double-check your configuration to ensure it is correct.
[16:07:50] [Thread-6/ERROR]: [PermissionsEx] null
java.io.IOException: Server returned HTTP response code: 403 for URL: https://api.curseforge.com/servermods/files?projectIds=31279
	at sun.net.www.protocol.http.HttpURLConnection.getInputStream0(Unknown Source) ~[?:1.8.0_191]
	at sun.net.www.protocol.http.HttpURLConnection.getInputStream(Unknown Source) ~[?:1.8.0_191]
	at sun.net.www.protocol.https.HttpsURLConnectionImpl.getInputStream(Unknown Source) ~[?:1.8.0_191]
	at ru.tehkode.libs.net.gravitydevelopment.updater.Updater.read(Updater.java:643) [PermissionsEx-1.23.4.jar:?]
	at ru.tehkode.libs.net.gravitydevelopment.updater.Updater.runUpdater(Updater.java:718) [PermissionsEx-1.23.4.jar:?]
	at ru.tehkode.libs.net.gravitydevelopment.updater.Updater.access$100(Updater.java:36) [PermissionsEx-1.23.4.jar:?]
	at ru.tehkode.libs.net.gravitydevelopment.updater.Updater$UpdateRunnable.run(Updater.java:713) [PermissionsEx-1.23.4.jar:?]
	at java.lang.Thread.run(Unknown Source) [?:1.8.0_191]
[16:07:50] [Server thread/INFO]: [dynmap] Mod Support processing completed
[16:07:51] [Server thread/INFO]: [dynmap] Loaded 25 shaders.
[16:07:51] [Server thread/INFO]: [dynmap] Loaded 82 perspectives.
[16:07:51] [Server thread/INFO]: [dynmap] Loaded 14 lightings.
[16:07:51] [Server thread/INFO]: [dynmap] Web server started on address 0.0.0.0:8123
[16:07:51] [Server thread/INFO]: [dynmap] version 3.0-beta-3-160 is enabled - core version 3.0-beta-3-160
[16:07:51] [Server thread/INFO]: [dynmap] For support, visit https://forums.dynmap.us
[16:07:51] [Server thread/INFO]: [dynmap] To report or track bugs, visit https://github.com/webbukkit/dynmap/issues
[16:07:51] [Server thread/INFO]: [dynmap] Loaded 3 maps of world 'world'.
[16:07:51] [Server thread/INFO]: [dynmap] Loaded 2 maps of world 'world_nether'.
[16:07:51] [Server thread/INFO]: [dynmap] Loaded 2 maps of world 'world_the_end'.
[16:07:51] [Server thread/INFO]: [dynmap] Enabled
[16:07:51] [Server thread/INFO]: [HealthBar] Enabling HealthBar v1.8.3
[16:07:51] [Server thread/INFO]: [LoginSecurity] Enabling LoginSecurity v2.1.7
[16:07:51] [Server thread/INFO]: [LoginSecurity] Loading base translations from "en_us"
[16:07:51] [Server thread/INFO]: [LoginSecurity] Loading specified translations from "en_us"
[16:07:51] [Thread-18/WARN]: [HealthBar] dev.bukkit.org rejected the API key provided in plugins/Updater/config.yml
[16:07:51] [Thread-18/WARN]: [HealthBar] Please double-check your configuration to ensure it is correct.
[16:07:51] [Thread-18/WARN]: java.io.IOException: Server returned HTTP response code: 403 for URL: https://api.curseforge.com/servermods/files?projectIds=54447
[16:07:51] [Thread-18/WARN]: 	at sun.net.www.protocol.http.HttpURLConnection.getInputStream0(Unknown Source)
[16:07:51] [Thread-18/WARN]: 	at sun.net.www.protocol.http.HttpURLConnection.getInputStream(Unknown Source)
[16:07:51] [Thread-18/WARN]: 	at sun.net.www.protocol.https.HttpsURLConnectionImpl.getInputStream(Unknown Source)
[16:07:51] [Thread-18/WARN]: 	at com.gmail.filoghost.healthbar.Updater.read(Updater.java:576)
[16:07:51] [Thread-18/WARN]: 	at com.gmail.filoghost.healthbar.Updater.access$1(Updater.java:564)
[16:07:51] [Thread-18/WARN]: 	at com.gmail.filoghost.healthbar.Updater$UpdateRunnable.run(Updater.java:614)
[16:07:51] [Thread-18/WARN]: 	at java.lang.Thread.run(Unknown Source)
[16:07:51] [Server thread/INFO]: [LoginSecurity] Connection to database....
[16:07:51] [Server thread/ERROR]: ebean.properties not found
[16:07:52] [Server thread/INFO]: DataSourcePool [LoginSecurityDB] autoCommit[false] transIsolation[SERIALIZABLE] min[2] max[20]
[16:07:52] [Server thread/INFO]: SubClassFactory parent ClassLoader [org.bukkit.plugin.java.PluginClassLoader]
[16:07:52] [Server thread/INFO]: Explicit Identity on com.lenis0012.bukkit.loginsecurity.storage.Migration but not supported by DB Platform - ignored
[16:07:52] [Server thread/INFO]: Explicit Identity on com.lenis0012.bukkit.loginsecurity.storage.PlayerInventory but not supported by DB Platform - ignored
[16:07:52] [Server thread/INFO]: Explicit Identity on com.lenis0012.bukkit.loginsecurity.storage.PlayerLocation but not supported by DB Platform - ignored
[16:07:52] [Server thread/INFO]: Explicit Identity on com.lenis0012.bukkit.loginsecurity.storage.PlayerProfile but not supported by DB Platform - ignored
[16:07:52] [Server thread/INFO]: Explicit Identity on com.lenis0012.bukkit.loginsecurity.storage.ActionEntry but not supported by DB Platform - ignored
[16:07:52] [Server thread/INFO]: Entities enhanced[0] subclassed[5]
[16:07:52] [Server thread/INFO]: [LoginSecurity] Checking database version...
[16:07:52] [Server thread/INFO]: [LoginSecurity] Applied 0 missing database upgrades.
[16:07:52] [Server thread/INFO]: [LoginSecurity] Registering commands...
[16:07:52] [Server thread/INFO]: [LoginSecurity] Registering listeners...
[16:07:52] [Server thread/INFO]: [PingTab] Enabling PingTab v1.3.5
[16:07:52] [Server thread/INFO]: [PingTab] Plugin metrics enabled!
[16:07:52] [Server thread/INFO]: [PingTab] Checking for new versions...
[16:07:52] [Thread-22/ERROR]: [PingTab] dev.bukkit.org rejected the API key provided in plugins/Updater/config.yml
[16:07:52] [Thread-22/ERROR]: [PingTab] Please double-check your configuration to ensure it is correct.
[16:07:52] [Thread-22/ERROR]: [PingTab] null
java.io.IOException: Server returned HTTP response code: 403 for URL: https://api.curseforge.com/servermods/files?projectIds=71589
	at sun.net.www.protocol.http.HttpURLConnection.getInputStream0(Unknown Source) ~[?:1.8.0_191]
	at sun.net.www.protocol.http.HttpURLConnection.getInputStream(Unknown Source) ~[?:1.8.0_191]
	at sun.net.www.protocol.https.HttpsURLConnectionImpl.getInputStream(Unknown Source) ~[?:1.8.0_191]
	at br.net.hexafun.Updater.Updater.read(Updater.java:708) [PingTab-1.3.5.jar:?]
	at br.net.hexafun.Updater.Updater.access$200(Updater.java:46) [PingTab-1.3.5.jar:?]
	at br.net.hexafun.Updater.Updater$UpdateRunnable.run(Updater.java:760) [PingTab-1.3.5.jar:?]
	at java.lang.Thread.run(Unknown Source) [?:1.8.0_191]
[16:07:52] [Server thread/INFO]: [PingTab] Invalid API key.
[16:07:52] [Server thread/INFO]: Server permissions file permissions.yml is empty, ignoring it
[16:07:52] [Server thread/INFO]: Done (10.317s)! For help, type "help"
[16:07:53] [pool-3-thread-4/WARN]: [PingTab] Plugin PingTab v1.3.5 generated an exception while executing task 10
java.lang.NoSuchMethodError: org.bukkit.Server.getOnlinePlayers()[Lorg/bukkit/entity/Player;
	at br.net.hexafun.PingTab.MetricsLite.postPlugin(MetricsLite.java:287) ~[?:?]
	at br.net.hexafun.PingTab.MetricsLite.access$200(MetricsLite.java:53) ~[?:?]
	at br.net.hexafun.PingTab.MetricsLite$1.run(MetricsLite.java:175) ~[?:?]
	at org.bukkit.craftbukkit.v1_13_R2.scheduler.CraftTask.run(CraftTask.java:77) ~[craftbukkit-1.13.2.jar:git-Bukkit-a4c555b]
	at org.bukkit.craftbukkit.v1_13_R2.scheduler.CraftAsyncTask.run(CraftAsyncTask.java:52) [craftbukkit-1.13.2.jar:git-Bukkit-a4c555b]
	at java.util.concurrent.ThreadPoolExecutor.runWorker(Unknown Source) [?:1.8.0_191]
	at java.util.concurrent.ThreadPoolExecutor$Worker.run(Unknown Source) [?:1.8.0_191]
	at java.lang.Thread.run(Unknown Source) [?:1.8.0_191]
[16:10:06] [Server thread/INFO]: xatixatix[/127.0.0.1:51031] logged in with entity id 298 at ([world]782.8582808007125, 58.0, -263.11134834078007)
[16:10:06] [Server thread/WARN]: Can't keep up! Is the server overloaded? Running 5162ms or 103 ticks behind
[16:10:32] [pool-4-thread-3/WARN]: [LoginSecurity] Failed to read json from url https://api.curseforge.com/servermods/files?projectIds=41702
[16:11:28] [Dynmap Render Thread/INFO]: [dynmap] Loading default resource pack
